0 info it worked if it ends with ok
1 verbose cli [ '/usr/bin/nodejs', '/usr/bin/npm', 'start' ]
2 info using npm@3.7.3
3 info using node@v5.8.0
4 verbose run-script [ 'prestart', 'start', 'poststart' ]
5 info lifecycle alien-local-filesystem-links@0.99.57~prestart: alien-local-filesystem-links@0.99.57
6 silly lifecycle alien-local-filesystem-links@0.99.57~prestart: no script for prestart, continuing
7 info lifecycle alien-local-filesystem-links@0.99.57~start: alien-local-filesystem-links@0.99.57
8 verbose lifecycle alien-local-filesystem-links@0.99.57~start: unsafe-perm in lifecycle true
9 verbose lifecycle alien-local-filesystem-links@0.99.57~start: PATH: /usr/lib/node_modules/npm/bin/node-gyp-bin:/home/alexander/code/webextension_local_filesystem_links/node_modules/.bin:/usr/bin:/usr/local/sbin:/usr/local/bin:/usr/sbin:/usr/bin:/sbin:/bin:/usr/games:/usr/local/games
10 verbose lifecycle alien-local-filesystem-links@0.99.57~start: CWD: /home/alexander/code/webextension_local_filesystem_links
11 silly lifecycle alien-local-filesystem-links@0.99.57~start: Args: [ '-c', 'web-ext run -s dist/' ]
12 silly lifecycle alien-local-filesystem-links@0.99.57~start: Returned: code: 1  signal: null
13 info lifecycle alien-local-filesystem-links@0.99.57~start: Failed to exec start script
14 verbose stack Error: alien-local-filesystem-links@0.99.57 start: `web-ext run -s dist/`
14 verbose stack Exit status 1
14 verbose stack     at EventEmitter.<anonymous> (/usr/lib/node_modules/npm/lib/utils/lifecycle.js:239:16)
14 verbose stack     at emitTwo (events.js:100:13)
14 verbose stack     at EventEmitter.emit (events.js:185:7)
14 verbose stack     at ChildProcess.<anonymous> (/usr/lib/node_modules/npm/lib/utils/spawn.js:24:14)
14 verbose stack     at emitTwo (events.js:100:13)
14 verbose stack     at ChildProcess.emit (events.js:185:7)
14 verbose stack     at maybeClose (internal/child_process.js:850:16)
14 verbose stack     at Process.ChildProcess._handle.onexit (internal/child_process.js:215:5)
15 verbose pkgid alien-local-filesystem-links@0.99.57
16 verbose cwd /home/alexander/code/webextension_local_filesystem_links
17 error Linux 4.2.0-16-generic
18 error argv "/usr/bin/nodejs" "/usr/bin/npm" "start"
19 error node v5.8.0
20 error npm  v3.7.3
21 error code ELIFECYCLE
22 error alien-local-filesystem-links@0.99.57 start: `web-ext run -s dist/`
22 error Exit status 1
23 error Failed at the alien-local-filesystem-links@0.99.57 start script 'web-ext run -s dist/'.
23 error Make sure you have the latest version of node.js and npm installed.
23 error If you do, this is most likely a problem with the alien-local-filesystem-links package,
23 error not with npm itself.
23 error Tell the author that this fails on your system:
23 error     web-ext run -s dist/
23 error You can get information on how to open an issue for this project with:
23 error     npm bugs alien-local-filesystem-links
23 error Or if that isn't available, you can get their info via:
23 error     npm owner ls alien-local-filesystem-links
23 error There is likely additional logging output above.
24 verbose exit [ 1, true ]
